<grid>
  <modules>
    <module>
      <id>
        <name>gauge</name>
        <type>MIO::LoadIldg</type>
      </id>
      <options>
        <file>/pscratch/sd/m/mlynch/gm2/LMI/l3248f211b580m002426m06730m8447.tau/lat/scidac/l3248f211b580m002426m06730m8447a.ildg</file>
      </options>
    </module>
    <module>
      <id>
        <name>gauge_fat</name>
        <type>MIO::LoadIldg</type>
      </id>
      <options>
        <file>/pscratch/sd/m/mlynch/gm2/LMI/l3248f211b580m002426m06730m8447.tau/lat/scidac/fat3248f211b580m002426m06730m8447a.ildg</file>
      </options>
    </module>
    <module>
      <id>
        <name>gauge_long</name>
        <type>MIO::LoadIldg</type>
      </id>
      <options>
        <file>/pscratch/sd/m/mlynch/gm2/LMI/l3248f211b580m002426m06730m8447.tau/lat/scidac/lng3248f211b580m002426m06730m8447a.ildg</file>
      </options>
    </module>
    <module>
      <id>
        <name>gauge_fatf</name>
        <type>MUtilities::GaugeSinglePrecisionCast</type>
      </id>
      <options>
        <field>gauge_fat</field>
      </options>
    </module>
    <module>
      <id>
        <name>gauge_longf</name>
        <type>MUtilities::GaugeSinglePrecisionCast</type>
      </id>
      <options>
        <field>gauge_long</field>
      </options>
    </module>
    <module>
      <id>
        <name>stag_mass_l</name>
        <type>MAction::ImprovedStaggeredMILC</type>
      </id>
      <options>
        <Ls>1</Ls>
        <boundary>1 1 1 1</boundary>
        <c1>1.0</c1>
        <c2>1.0</c2>
        <gaugefat>gauge_fat</gaugefat>
        <gaugelong>gauge_long</gaugelong>
        <mass>0.002426</mass>
        <tad>1.0</tad>
        <twist>0 0 0</twist>
      </options>
    </module>
    <module>
      <id>
        <name>epack</name>
        <type>MIO::StagLoadFermionEigenPack</type>
      </id>
      <options>
        <Ls>1</Ls>
        <filestem>/pscratch/sd/m/mlynch/gm2/LMI/l3248f211b580m002426m06730m8447.tau/eigen/eig3248f211b580m002426m06730m8447nv1000a</filestem>
        <multiFile>false</multiFile>
        <redBlack>true</redBlack>
        <size>1000</size>
      </options>
    </module>
    <module>
      <id>
        <name>evecs_mass_l</name>
        <type>MUtilities::ModifyEigenPackMILC</type>
      </id>
      <options>
        <eigenPack>epack</eigenPack>
        <evenEigen>false</evenEigen>
        <mass>0.002426</mass>
        <normalizeCheckerboard>false</normalizeCheckerboard>
      </options>
    </module>
    <module>
      <id>
        <name>istag_mass_l</name>
        <type>MAction::ImprovedStaggeredMILCF</type>
      </id>
      <options>
        <Ls>1</Ls>
        <boundary>1 1 1 1</boundary>
        <c1>1.0</c1>
        <c2>1.0</c2>
        <gaugefat>gauge_fatf</gaugefat>
        <gaugelong>gauge_longf</gaugelong>
        <mass>0.002426</mass>
        <tad>1.0</tad>
        <twist>0 0 0</twist>
      </options>
    </module>
    <module>
      <id>
        <name>sink</name>
        <type>MSink::ScalarPoint</type>
      </id>
      <options>
        <mom>0 0 0</mom>
      </options>
    </module>
    <module>
      <id>
        <name>noise_t0</name>
        <type>MSource::StagRandomWall</type>
      </id>
      <options>
        <colorDiag>true</colorDiag>
        <nSrc>1</nSrc>
        <noise></noise>
        <t0>0</t0>
        <tStep>48</tStep>
      </options>
    </module>
    <module>
      <id>
        <name>noise_t1</name>
        <type>MSource::StagRandomWall</type>
      </id>
      <options>
        <colorDiag>true</colorDiag>
        <nSrc>1</nSrc>
        <noise></noise>
        <t0>1</t0>
        <tStep>48</tStep>
      </options>
    </module>
    <module>
      <id>
        <name>stag_ranLL_mass_l</name>
        <type>MSolver::StagLMA</type>
      </id>
      <options>
        <action>stag_mass_l</action>
        <eigStart>0</eigStart>
        <lowModes>evecs_mass_l</lowModes>
        <nEigs>-1</nEigs>
        <projector>false</projector>
      </options>
    </module>
    <module>
      <id>
        <name>stag_ama_mass_l</name>
        <type>MSolver::StagMixedPrecisionCG</type>
      </id>
      <options>
        <innerAction>istag_mass_l</innerAction>
        <isEven>false</isEven>
        <maxInnerIteration>10000</maxInnerIteration>
        <maxOuterIteration>10000</maxOuterIteration>
        <outerAction>stag_mass_l</outerAction>
        <residual>1e-08</residual>
      </options>
    </module>
    <module>
      <id>
        <name>quark_ranLL_pion_local_mass_l_t0</name>
        <type>MFermion::StagGaugeProp</type>
      </id>
      <options>
        <guess></guess>
        <solver>stag_ranLL_mass_l</solver>
        <source>noise_t0</source>
        <spinTaste>
          <applyG5>true</applyG5>
          <gammas>(G5 G5)</gammas>
          <gauge></gauge>
        </spinTaste>
      </options>
    </module>
    <module>
      <id>
        <name>quark_ama_pion_local_mass_l_t0</name>
        <type>MFermion::StagGaugeProp</type>
      </id>
      <options>
        <guess>quark_ranLL_pion_local_mass_l_t0</guess>
        <solver>stag_ama_mass_l</solver>
        <source>noise_t0</source>
        <spinTaste>
          <applyG5>true</applyG5>
          <gammas>(G5 G5)</gammas>
          <gauge></gauge>
        </spinTaste>
      </options>
    </module>
    <module>
      <id>
        <name>quark_ranLL_pion_local_mass_l_t1</name>
        <type>MFermion::StagGaugeProp</type>
      </id>
      <options>
        <guess></guess>
        <solver>stag_ranLL_mass_l</solver>
        <source>noise_t1</source>
        <spinTaste>
          <applyG5>true</applyG5>
          <gammas>(G5 G5)</gammas>
          <gauge></gauge>
        </spinTaste>
      </options>
    </module>
    <module>
      <id>
        <name>quark_ama_pion_local_mass_l_t1</name>
        <type>MFermion::StagGaugeProp</type>
      </id>
      <options>
        <guess>quark_ranLL_pion_local_mass_l_t1</guess>
        <solver>stag_ama_mass_l</solver>
        <source>noise_t1</source>
        <spinTaste>
          <applyG5>true</applyG5>
          <gammas>(G5 G5)</gammas>
          <gauge></gauge>
        </spinTaste>
      </options>
    </module>
    <module>
      <id>
        <name>corr_ranLL_pion_local_mass_l_t0</name>
        <type>MContraction::StagMeson</type>
      </id>
      <options>
        <output>/pscratch/sd/m/mlynch/gm2/LMI/l3248f211b580m002426m06730m8447.tau/e1000n1dt1/correlators/m002426/pion_local/ranLL/corr_pion_local_ranLL_m002426_t0_a</output>
        <sink>quark_ranLL_pion_local_mass_l_t0</sink>
        <sinkFunc>sink</sinkFunc>
        <sinkSpinTaste>
          <applyG5>true</applyG5>
          <gammas>(G5 G5)</gammas>
          <gauge></gauge>
        </sinkSpinTaste>
        <source>quark_ranLL_pion_local_mass_l_t0</source>
        <sourceGammas>(G5 G5)</sourceGammas>
        <sourceShift>noise_t0_shift</sourceShift>
      </options>
    </module>
    <module>
      <id>
        <name>corr_ama_pion_local_mass_l_t0</name>
        <type>MContraction::StagMeson</type>
      </id>
      <options>
        <output>/pscratch/sd/m/mlynch/gm2/LMI/l3248f211b580m002426m06730m8447.tau/e1000n1dt1/correlators/m002426/pion_local/ama/corr_pion_local_ama_m002426_t0_a</output>
        <sink>quark_ama_pion_local_mass_l_t0</sink>
        <sinkFunc>sink</sinkFunc>
        <sinkSpinTaste>
          <applyG5>true</applyG5>
          <gammas>(G5 G5)</gammas>
          <gauge></gauge>
        </sinkSpinTaste>
        <source>quark_ama_pion_local_mass_l_t0</source>
        <sourceGammas>(G5 G5)</sourceGammas>
        <sourceShift>noise_t0_shift</sourceShift>
      </options>
    </module>
    <module>
      <id>
        <name>corr_ranLL_pion_local_mass_l_t1</name>
        <type>MContraction::StagMeson</type>
      </id>
      <options>
        <output>/pscratch/sd/m/mlynch/gm2/LMI/l3248f211b580m002426m06730m8447.tau/e1000n1dt1/correlators/m002426/pion_local/ranLL/corr_pion_local_ranLL_m002426_t1_a</output>
        <sink>quark_ranLL_pion_local_mass_l_t1</sink>
        <sinkFunc>sink</sinkFunc>
        <sinkSpinTaste>
          <applyG5>true</applyG5>
          <gammas>(G5 G5)</gammas>
          <gauge></gauge>
        </sinkSpinTaste>
        <source>quark_ranLL_pion_local_mass_l_t1</source>
        <sourceGammas>(G5 G5)</sourceGammas>
        <sourceShift>noise_t1_shift</sourceShift>
      </options>
    </module>
    <module>
      <id>
        <name>corr_ama_pion_local_mass_l_t1</name>
        <type>MContraction::StagMeson</type>
      </id>
      <options>
        <output>/pscratch/sd/m/mlynch/gm2/LMI/l3248f211b580m002426m06730m8447.tau/e1000n1dt1/correlators/m002426/pion_local/ama/corr_pion_local_ama_m002426_t1_a</output>
        <sink>quark_ama_pion_local_mass_l_t1</sink>
        <sinkFunc>sink</sinkFunc>
        <sinkSpinTaste>
          <applyG5>true</applyG5>
          <gammas>(G5 G5)</gammas>
          <gauge></gauge>
        </sinkSpinTaste>
        <source>quark_ama_pion_local_mass_l_t1</source>
        <sourceGammas>(G5 G5)</sourceGammas>
        <sourceShift>noise_t1_shift</sourceShift>
      </options>
    </module>
    <module>
      <id>
        <name>quark_ranLL_vec_local_mass_l_t0</name>
        <type>MFermion::StagGaugeProp</type>
      </id>
      <options>
        <guess></guess>
        <solver>stag_ranLL_mass_l</solver>
        <source>noise_t0</source>
        <spinTaste>
          <applyG5>true</applyG5>
          <gammas>(GX GX) (GY GY) (GZ GZ)</gammas>
          <gauge></gauge>
        </spinTaste>
      </options>
    </module>
    <module>
      <id>
        <name>quark_ama_vec_local_mass_l_t0</name>
        <type>MFermion::StagGaugeProp</type>
      </id>
      <options>
        <guess>quark_ranLL_vec_local_mass_l_t0</guess>
        <solver>stag_ama_mass_l</solver>
        <source>noise_t0</source>
        <spinTaste>
          <applyG5>true</applyG5>
          <gammas>(GX GX) (GY GY) (GZ GZ)</gammas>
          <gauge></gauge>
        </spinTaste>
      </options>
    </module>
    <module>
      <id>
        <name>quark_ranLL_vec_local_mass_l_t1</name>
        <type>MFermion::StagGaugeProp</type>
      </id>
      <options>
        <guess></guess>
        <solver>stag_ranLL_mass_l</solver>
        <source>noise_t1</source>
        <spinTaste>
          <applyG5>true</applyG5>
          <gammas>(GX GX) (GY GY) (GZ GZ)</gammas>
          <gauge></gauge>
        </spinTaste>
      </options>
    </module>
    <module>
      <id>
        <name>quark_ama_vec_local_mass_l_t1</name>
        <type>MFermion::StagGaugeProp</type>
      </id>
      <options>
        <guess>quark_ranLL_vec_local_mass_l_t1</guess>
        <solver>stag_ama_mass_l</solver>
        <source>noise_t1</source>
        <spinTaste>
          <applyG5>true</applyG5>
          <gammas>(GX GX) (GY GY) (GZ GZ)</gammas>
          <gauge></gauge>
        </spinTaste>
      </options>
    </module>
    <module>
      <id>
        <name>corr_ranLL_vec_local_mass_l_t0</name>
        <type>MContraction::StagMeson</type>
      </id>
      <options>
        <output>/pscratch/sd/m/mlynch/gm2/LMI/l3248f211b580m002426m06730m8447.tau/e1000n1dt1/correlators/m002426/vec_local/ranLL/corr_vec_local_ranLL_m002426_t0_a</output>
        <sink>quark_ranLL_pion_local_mass_l_t0</sink>
        <sinkFunc>sink</sinkFunc>
        <sinkSpinTaste>
          <applyG5>true</applyG5>
          <gammas>(GX GX) (GY GY) (GZ GZ)</gammas>
          <gauge></gauge>
        </sinkSpinTaste>
        <source>quark_ranLL_vec_local_mass_l_t0</source>
        <sourceGammas>(GX GX) (GY GY) (GZ GZ)</sourceGammas>
        <sourceShift>noise_t0_shift</sourceShift>
      </options>
    </module>
    <module>
      <id>
        <name>corr_ama_vec_local_mass_l_t0</name>
        <type>MContraction::StagMeson</type>
      </id>
      <options>
        <output>/pscratch/sd/m/mlynch/gm2/LMI/l3248f211b580m002426m06730m8447.tau/e1000n1dt1/correlators/m002426/vec_local/ama/corr_vec_local_ama_m002426_t0_a</output>
        <sink>quark_ama_pion_local_mass_l_t0</sink>
        <sinkFunc>sink</sinkFunc>
        <sinkSpinTaste>
          <applyG5>true</applyG5>
          <gammas>(GX GX) (GY GY) (GZ GZ)</gammas>
          <gauge></gauge>
        </sinkSpinTaste>
        <source>quark_ama_vec_local_mass_l_t0</source>
        <sourceGammas>(GX GX) (GY GY) (GZ GZ)</sourceGammas>
        <sourceShift>noise_t0_shift</sourceShift>
      </options>
    </module>
    <module>
      <id>
        <name>corr_ranLL_vec_local_mass_l_t1</name>
        <type>MContraction::StagMeson</type>
      </id>
      <options>
        <output>/pscratch/sd/m/mlynch/gm2/LMI/l3248f211b580m002426m06730m8447.tau/e1000n1dt1/correlators/m002426/vec_local/ranLL/corr_vec_local_ranLL_m002426_t1_a</output>
        <sink>quark_ranLL_pion_local_mass_l_t1</sink>
        <sinkFunc>sink</sinkFunc>
        <sinkSpinTaste>
          <applyG5>true</applyG5>
          <gammas>(GX GX) (GY GY) (GZ GZ)</gammas>
          <gauge></gauge>
        </sinkSpinTaste>
        <source>quark_ranLL_vec_local_mass_l_t1</source>
        <sourceGammas>(GX GX) (GY GY) (GZ GZ)</sourceGammas>
        <sourceShift>noise_t1_shift</sourceShift>
      </options>
    </module>
    <module>
      <id>
        <name>corr_ama_vec_local_mass_l_t1</name>
        <type>MContraction::StagMeson</type>
      </id>
      <options>
        <output>/pscratch/sd/m/mlynch/gm2/LMI/l3248f211b580m002426m06730m8447.tau/e1000n1dt1/correlators/m002426/vec_local/ama/corr_vec_local_ama_m002426_t1_a</output>
        <sink>quark_ama_pion_local_mass_l_t1</sink>
        <sinkFunc>sink</sinkFunc>
        <sinkSpinTaste>
          <applyG5>true</applyG5>
          <gammas>(GX GX) (GY GY) (GZ GZ)</gammas>
          <gauge></gauge>
        </sinkSpinTaste>
        <source>quark_ama_vec_local_mass_l_t1</source>
        <sourceGammas>(GX GX) (GY GY) (GZ GZ)</sourceGammas>
        <sourceShift>noise_t1_shift</sourceShift>
      </options>
    </module>
    <module>
      <id>
        <name>quark_ranLL_vec_onelink_mass_l_t0</name>
        <type>MFermion::StagGaugeProp</type>
      </id>
      <options>
        <guess></guess>
        <solver>stag_ranLL_mass_l</solver>
        <source>noise_t0</source>
        <spinTaste>
          <applyG5>true</applyG5>
          <gammas>(GX G1) (GY G1) (GZ G1)</gammas>
          <gauge>gauge</gauge>
        </spinTaste>
      </options>
    </module>
    <module>
      <id>
        <name>quark_ama_vec_onelink_mass_l_t0</name>
        <type>MFermion::StagGaugeProp</type>
      </id>
      <options>
        <guess>quark_ranLL_vec_onelink_mass_l_t0</guess>
        <solver>stag_ama_mass_l</solver>
        <source>noise_t0</source>
        <spinTaste>
          <applyG5>true</applyG5>
          <gammas>(GX G1) (GY G1) (GZ G1)</gammas>
          <gauge>gauge</gauge>
        </spinTaste>
      </options>
    </module>
    <module>
      <id>
        <name>quark_ranLL_vec_onelink_mass_l_t1</name>
        <type>MFermion::StagGaugeProp</type>
      </id>
      <options>
        <guess></guess>
        <solver>stag_ranLL_mass_l</solver>
        <source>noise_t1</source>
        <spinTaste>
          <applyG5>true</applyG5>
          <gammas>(GX G1) (GY G1) (GZ G1)</gammas>
          <gauge>gauge</gauge>
        </spinTaste>
      </options>
    </module>
    <module>
      <id>
        <name>quark_ama_vec_onelink_mass_l_t1</name>
        <type>MFermion::StagGaugeProp</type>
      </id>
      <options>
        <guess>quark_ranLL_vec_onelink_mass_l_t1</guess>
        <solver>stag_ama_mass_l</solver>
        <source>noise_t1</source>
        <spinTaste>
          <applyG5>true</applyG5>
          <gammas>(GX G1) (GY G1) (GZ G1)</gammas>
          <gauge>gauge</gauge>
        </spinTaste>
      </options>
    </module>
    <module>
      <id>
        <name>corr_ranLL_vec_onelink_mass_l_t0</name>
        <type>MContraction::StagMeson</type>
      </id>
      <options>
        <output>/pscratch/sd/m/mlynch/gm2/LMI/l3248f211b580m002426m06730m8447.tau/e1000n1dt1/correlators/m002426/vec_onelink/ranLL/corr_vec_onelink_ranLL_m002426_t0_a</output>
        <sink>quark_ranLL_pion_local_mass_l_t0</sink>
        <sinkFunc>sink</sinkFunc>
        <sinkSpinTaste>
          <applyG5>true</applyG5>
          <gammas>(GX G1) (GY G1) (GZ G1)</gammas>
          <gauge>gauge</gauge>
        </sinkSpinTaste>
        <source>quark_ranLL_vec_onelink_mass_l_t0</source>
        <sourceGammas>(GX G1) (GY G1) (GZ G1)</sourceGammas>
        <sourceShift>noise_t0_shift</sourceShift>
      </options>
    </module>
    <module>
      <id>
        <name>corr_ama_vec_onelink_mass_l_t0</name>
        <type>MContraction::StagMeson</type>
      </id>
      <options>
        <output>/pscratch/sd/m/mlynch/gm2/LMI/l3248f211b580m002426m06730m8447.tau/e1000n1dt1/correlators/m002426/vec_onelink/ama/corr_vec_onelink_ama_m002426_t0_a</output>
        <sink>quark_ama_pion_local_mass_l_t0</sink>
        <sinkFunc>sink</sinkFunc>
        <sinkSpinTaste>
          <applyG5>true</applyG5>
          <gammas>(GX G1) (GY G1) (GZ G1)</gammas>
          <gauge>gauge</gauge>
        </sinkSpinTaste>
        <source>quark_ama_vec_onelink_mass_l_t0</source>
        <sourceGammas>(GX G1) (GY G1) (GZ G1)</sourceGammas>
        <sourceShift>noise_t0_shift</sourceShift>
      </options>
    </module>
    <module>
      <id>
        <name>corr_ranLL_vec_onelink_mass_l_t1</name>
        <type>MContraction::StagMeson</type>
      </id>
      <options>
        <output>/pscratch/sd/m/mlynch/gm2/LMI/l3248f211b580m002426m06730m8447.tau/e1000n1dt1/correlators/m002426/vec_onelink/ranLL/corr_vec_onelink_ranLL_m002426_t1_a</output>
        <sink>quark_ranLL_pion_local_mass_l_t1</sink>
        <sinkFunc>sink</sinkFunc>
        <sinkSpinTaste>
          <applyG5>true</applyG5>
          <gammas>(GX G1) (GY G1) (GZ G1)</gammas>
          <gauge>gauge</gauge>
        </sinkSpinTaste>
        <source>quark_ranLL_vec_onelink_mass_l_t1</source>
        <sourceGammas>(GX G1) (GY G1) (GZ G1)</sourceGammas>
        <sourceShift>noise_t1_shift</sourceShift>
      </options>
    </module>
    <module>
      <id>
        <name>corr_ama_vec_onelink_mass_l_t1</name>
        <type>MContraction::StagMeson</type>
      </id>
      <options>
        <output>/pscratch/sd/m/mlynch/gm2/LMI/l3248f211b580m002426m06730m8447.tau/e1000n1dt1/correlators/m002426/vec_onelink/ama/corr_vec_onelink_ama_m002426_t1_a</output>
        <sink>quark_ama_pion_local_mass_l_t1</sink>
        <sinkFunc>sink</sinkFunc>
        <sinkSpinTaste>
          <applyG5>true</applyG5>
          <gammas>(GX G1) (GY G1) (GZ G1)</gammas>
          <gauge>gauge</gauge>
        </sinkSpinTaste>
        <source>quark_ama_vec_onelink_mass_l_t1</source>
        <sourceGammas>(GX G1) (GY G1) (GZ G1)</sourceGammas>
        <sourceShift>noise_t1_shift</sourceShift>
      </options>
    </module>
    <module>
      <id>
        <name>mf_local_mass_l</name>
        <type>MContraction::StagA2AMesonField</type>
      </id>
      <options>
        <action>stag_mass_l</action>
        <block>500</block>
        <left></left>
        <lowModes>evecs_mass_l</lowModes>
        <mom>
          <elem>0 0 0</elem>
        </mom>
        <output>/pscratch/sd/m/mlynch/gm2/LMI/l3248f211b580m002426m06730m8447.tau/e1000n1dt1.2024/mesons/m002426/mf_a</output>
        <right></right>
        <spinTaste>
          <applyG5>false</applyG5>
          <gammas>(G5 G5) (GX GX) (GY GY) (GZ GZ)</gammas>
          <gauge></gauge>
        </spinTaste>
      </options>
    </module>
    <module>
      <id>
        <name>mf_onelink_mass_l</name>
        <type>MContraction::StagA2AMesonField</type>
      </id>
      <options>
        <action>stag_mass_l</action>
        <block>500</block>
        <left></left>
        <lowModes>evecs_mass_l</lowModes>
        <mom>
          <elem>0 0 0</elem>
        </mom>
        <output>/pscratch/sd/m/mlynch/gm2/LMI/l3248f211b580m002426m06730m8447.tau/e1000n1dt1.2024/mesons/m002426/mf_a</output>
        <right></right>
        <spinTaste>
          <applyG5>false</applyG5>
          <gammas>(GX G1) (GY G1) (GZ G1)</gammas>
          <gauge>gauge</gauge>
        </spinTaste>
      </options>
    </module>
  </modules>
  <parameters>
    <genetic>
      <maxCstGen>100</maxCstGen>
      <maxGen>1000</maxGen>
      <mutationRate>0.1</mutationRate>
      <popSize>20</popSize>
    </genetic>
    <graphFile></graphFile>
    <parallelWriteMaxRetry>-1</parallelWriteMaxRetry>
    <runId>LMI-RW-series-a-1000-eigs-1-noise</runId>
    <saveSchedule>false</saveSchedule>
    <scheduleFile>schedules/test-l3248-hadrons-a.100.sched</scheduleFile>
    <trajCounter>
      <end>10000</end>
      <start>100</start>
      <step>10000</step>
    </trajCounter>
  </parameters>
</grid>